Analysis & Synthesis report for cpu_nuevo
Tue Jan 23 19:11:42 2024
Quartus II 64-Bit Version 13.0.1 Build 232 06/12/2013 Service Pack 1 SJ Web Edition


---------------------
; Table of Contents ;
---------------------
  1. Legal Notice
  2. Analysis & Synthesis Summary
  3. Analysis & Synthesis Settings
  4. Parallel Compilation
  5. Analysis & Synthesis Source Files Read
  6. Analysis & Synthesis Resource Usage Summary
  7. Analysis & Synthesis Resource Utilization by Entity
  8. Analysis & Synthesis RAM Summary
  9. State Machine - |cpu_nuevo|estadoSiguiente
 10. User-Specified and Inferred Latches
 11. Logic Cells Representing Combinational Loops
 12. Registers Removed During Synthesis
 13. Removed Registers Triggering Further Register Optimizations
 14. General Register Statistics
 15. Registers Packed Into Inferred Megafunctions
 16. Multiplexer Restructuring Statistics (Restructuring Performed)
 17. Source assignments for memoria8b:r_ram|altsyncram:ram_rtl_0|altsyncram_kml1:auto_generated
 18. Parameter Settings for Inferred Entity Instance: memoria8b:r_ram|altsyncram:ram_rtl_0
 19. altsyncram Parameter Settings by Entity Instance
 20. Port Connectivity Checks: "registro8b:r_salida"
 21. Port Connectivity Checks: "registro8b:r_operador1"
 22. Elapsed Time Per Partition
 23. Analysis & Synthesis Messages



----------------
; Legal Notice ;
----------------
Copyright (C) 1991-2013 Altera Corporation
Your use of Altera Corporation's design tools, logic functions 
and other software and tools, and its AMPP partner logic 
functions, and any output files from any of the foregoing 
(including device programming or simulation files), and any 
associated documentation or information are expressly subject 
to the terms and conditions of the Altera Program License 
Subscription Agreement, Altera MegaCore Function License 
Agreement, or other applicable license agreement, including, 
without limitation, that your use is for the sole purpose of 
programming logic devices manufactured by Altera and sold by 
Altera or its authorized distributors.  Please refer to the 
applicable agreement for further details.



+--------------------------------------------------------------------------------------+
; Analysis & Synthesis Summary                                                         ;
+------------------------------------+-------------------------------------------------+
; Analysis & Synthesis Status        ; Successful - Tue Jan 23 19:11:42 2024           ;
; Quartus II 64-Bit Version          ; 13.0.1 Build 232 06/12/2013 SP 1 SJ Web Edition ;
; Revision Name                      ; cpu_nuevo                                       ;
; Top-level Entity Name              ; cpu_nuevo                                       ;
; Family                             ; Cyclone II                                      ;
; Total logic elements               ; 108                                             ;
;     Total combinational functions  ; 93                                              ;
;     Dedicated logic registers      ; 38                                              ;
; Total registers                    ; 38                                              ;
; Total pins                         ; 19                                              ;
; Total virtual pins                 ; 0                                               ;
; Total memory bits                  ; 512                                             ;
; Embedded Multiplier 9-bit elements ; 0                                               ;
; Total PLLs                         ; 0                                               ;
+------------------------------------+-------------------------------------------------+


+----------------------------------------------------------------------------------------------------------------------+
; Analysis & Synthesis Settings                                                                                        ;
+----------------------------------------------------------------------------+--------------------+--------------------+
; Option                                                                     ; Setting            ; Default Value      ;
+----------------------------------------------------------------------------+--------------------+--------------------+
; Device                                                                     ; EP2C5T144C8        ;                    ;
; Top-level entity name                                                      ; cpu_nuevo          ; cpu_nuevo          ;
; Family name                                                                ; Cyclone II         ; Cyclone IV GX      ;
; Use smart compilation                                                      ; Off                ; Off                ;
; Enable parallel Assembler and TimeQuest Timing Analyzer during compilation ; On                 ; On                 ;
; Enable compact report table                                                ; Off                ; Off                ;
; Restructure Multiplexers                                                   ; Auto               ; Auto               ;
; Create Debugging Nodes for IP Cores                                        ; Off                ; Off                ;
; Preserve fewer node names                                                  ; On                 ; On                 ;
; Disable OpenCore Plus hardware evaluation                                  ; Off                ; Off                ;
; Verilog Version                                                            ; Verilog_2001       ; Verilog_2001       ;
; VHDL Version                                                               ; VHDL_1993          ; VHDL_1993          ;
; State Machine Processing                                                   ; Auto               ; Auto               ;
; Safe State Machine                                                         ; Off                ; Off                ;
; Extract Verilog State Machines                                             ; On                 ; On                 ;
; Extract VHDL State Machines                                                ; On                 ; On                 ;
; Ignore Verilog initial constructs                                          ; Off                ; Off                ;
; Iteration limit for constant Verilog loops                                 ; 5000               ; 5000               ;
; Iteration limit for non-constant Verilog loops                             ; 250                ; 250                ;
; Add Pass-Through Logic to Inferred RAMs                                    ; On                 ; On                 ;
; Infer RAMs from Raw Logic                                                  ; On                 ; On                 ;
; Parallel Synthesis                                                         ; On                 ; On                 ;
; DSP Block Balancing                                                        ; Auto               ; Auto               ;
; NOT Gate Push-Back                                                         ; On                 ; On                 ;
; Power-Up Don't Care                                                        ; On                 ; On                 ;
; Remove Redundant Logic Cells                                               ; Off                ; Off                ;
; Remove Duplicate Registers                                                 ; On                 ; On                 ;
; Ignore CARRY Buffers                                                       ; Off                ; Off                ;
; Ignore CASCADE Buffers                                                     ; Off                ; Off                ;
; Ignore GLOBAL Buffers                                                      ; Off                ; Off                ;
; Ignore ROW GLOBAL Buffers                                                  ; Off                ; Off                ;
; Ignore LCELL Buffers                                                       ; Off                ; Off                ;
; Ignore SOFT Buffers                                                        ; On                 ; On                 ;
; Limit AHDL Integers to 32 Bits                                             ; Off                ; Off                ;
; Optimization Technique                                                     ; Balanced           ; Balanced           ;
; Carry Chain Length                                                         ; 70                 ; 70                 ;
; Auto Carry Chains                                                          ; On                 ; On                 ;
; Auto Open-Drain Pins                                                       ; On                 ; On                 ;
; Perform WYSIWYG Primitive Resynthesis                                      ; Off                ; Off                ;
; Auto ROM Replacement                                                       ; On                 ; On                 ;
; Auto RAM Replacement                                                       ; On                 ; On                 ;
; Auto Shift Register Replacement                                            ; Auto               ; Auto               ;
; Allow Shift Register Merging across Hierarchies                            ; Auto               ; Auto               ;
; Auto Clock Enable Replacement                                              ; On                 ; On                 ;
; Strict RAM Replacement                                                     ; Off                ; Off                ;
; Allow Synchronous Control Signals                                          ; On                 ; On                 ;
; Force Use of Synchronous Clear Signals                                     ; Off                ; Off                ;
; Auto RAM to Logic Cell Conversion                                          ; Off                ; Off                ;
; Auto Resource Sharing                                                      ; Off                ; Off                ;
; Allow Any RAM Size For Recognition                                         ; Off                ; Off                ;
; Allow Any ROM Size For Recognition                                         ; Off                ; Off                ;
; Allow Any Shift Register Size For Recognition                              ; Off                ; Off                ;
; Use LogicLock Constraints during Resource Balancing                        ; On                 ; On                 ;
; Ignore translate_off and synthesis_off directives                          ; Off                ; Off                ;
; Timing-Driven Synthesis                                                    ; Off                ; Off                ;
; Report Parameter Settings                                                  ; On                 ; On                 ;
; Report Source Assignments                                                  ; On                 ; On                 ;
; Report Connectivity Checks                                                 ; On                 ; On                 ;
; Ignore Maximum Fan-Out Assignments                                         ; Off                ; Off                ;
; Synchronization Register Chain Length                                      ; 2                  ; 2                  ;
; PowerPlay Power Optimization                                               ; Normal compilation ; Normal compilation ;
; HDL message level                                                          ; Level2             ; Level2             ;
; Suppress Register Optimization Related Messages                            ; Off                ; Off                ;
; Number of Removed Registers Reported in Synthesis Report                   ; 5000               ; 5000               ;
; Number of Swept Nodes Reported in Synthesis Report                         ; 5000               ; 5000               ;
; Number of Inverted Registers Reported in Synthesis Report                  ; 100                ; 100                ;
; Clock MUX Protection                                                       ; On                 ; On                 ;
; Auto Gated Clock Conversion                                                ; Off                ; Off                ;
; Block Design Naming                                                        ; Auto               ; Auto               ;
; SDC constraint protection                                                  ; Off                ; Off                ;
; Synthesis Effort                                                           ; Auto               ; Auto               ;
; Shift Register Replacement - Allow Asynchronous Clear Signal               ; On                 ; On                 ;
; Pre-Mapping Resynthesis Optimization                                       ; Off                ; Off                ;
; Analysis & Synthesis Message Level                                         ; Medium             ; Medium             ;
; Disable Register Merging Across Hierarchies                                ; Auto               ; Auto               ;
; Resource Aware Inference For Block RAM                                     ; On                 ; On                 ;
; Synthesis Seed                                                             ; 1                  ; 1                  ;
+----------------------------------------------------------------------------+--------------------+--------------------+


Parallel compilation was disabled, but you have multiple processors available. Enable parallel compilation to reduce compilation time.
+-------------------------------------+
; Parallel Compilation                ;
+----------------------------+--------+
; Processors                 ; Number ;
+----------------------------+--------+
; Number detected on machine ; 12     ;
; Maximum allowed            ; 1      ;
+----------------------------+--------+


+--------------------------------------------------------------------------------------------------------------------------------------------------------------------------------------------------------------------------------------------------------------------------------+
; Analysis & Synthesis Source Files Read                                                                                                                                                                                                                                         ;
+----------------------------------------------+-----------------+-------------------------------------------------------+---------------------------------------------------------------------------------------------------------------------------------------------+---------+
; File Name with User-Entered Path             ; Used in Netlist ; File Type                                             ; File Name with Absolute Path                                                                                                                ; Library ;
+----------------------------------------------+-----------------+-------------------------------------------------------+---------------------------------------------------------------------------------------------------------------------------------------------+---------+
; ../registro8b/registro8b.vhd                 ; yes             ; User VHDL File                                        ; D:/a UADER/d Cuarto año/i Diseño de Sistemas Digitales/proyects/registro8b/registro8b.vhd                                                   ;         ;
; ../memoria8b/memoria8b.vhd                   ; yes             ; User VHDL File                                        ; D:/a UADER/d Cuarto año/i Diseño de Sistemas Digitales/proyects/memoria8b/memoria8b.vhd                                                     ;         ;
; cpu_nuevo.vhd                                ; yes             ; User VHDL File                                        ; D:/a UADER/d Cuarto año/i Diseño de Sistemas Digitales/proyects/cpu_nuevo (0 elemotos logicos)/cpu_nuevo.vhd                                ;         ;
; altsyncram.tdf                               ; yes             ; Megafunction                                          ; c:/altera/13.0sp1/quartus/libraries/megafunctions/altsyncram.tdf                                                                            ;         ;
; stratix_ram_block.inc                        ; yes             ; Megafunction                                          ; c:/altera/13.0sp1/quartus/libraries/megafunctions/stratix_ram_block.inc                                                                     ;         ;
; lpm_mux.inc                                  ; yes             ; Megafunction                                          ; c:/altera/13.0sp1/quartus/libraries/megafunctions/lpm_mux.inc                                                                               ;         ;
; lpm_decode.inc                               ; yes             ; Megafunction                                          ; c:/altera/13.0sp1/quartus/libraries/megafunctions/lpm_decode.inc                                                                            ;         ;
; aglobal130.inc                               ; yes             ; Megafunction                                          ; c:/altera/13.0sp1/quartus/libraries/megafunctions/aglobal130.inc                                                                            ;         ;
; a_rdenreg.inc                                ; yes             ; Megafunction                                          ; c:/altera/13.0sp1/quartus/libraries/megafunctions/a_rdenreg.inc                                                                             ;         ;
; altrom.inc                                   ; yes             ; Megafunction                                          ; c:/altera/13.0sp1/quartus/libraries/megafunctions/altrom.inc                                                                                ;         ;
; altram.inc                                   ; yes             ; Megafunction                                          ; c:/altera/13.0sp1/quartus/libraries/megafunctions/altram.inc                                                                                ;         ;
; altdpram.inc                                 ; yes             ; Megafunction                                          ; c:/altera/13.0sp1/quartus/libraries/megafunctions/altdpram.inc                                                                              ;         ;
; db/altsyncram_kml1.tdf                       ; yes             ; Auto-Generated Megafunction                           ; D:/a UADER/d Cuarto año/i Diseño de Sistemas Digitales/proyects/cpu_nuevo (0 elemotos logicos)/db/altsyncram_kml1.tdf                       ;         ;
; db/cpu_nuevo.ram0_memoria8b_e2bb252e.hdl.mif ; yes             ; Auto-Generated Auto-Found Memory Initialization File  ; D:/a UADER/d Cuarto año/i Diseño de Sistemas Digitales/proyects/cpu_nuevo (0 elemotos logicos)/db/cpu_nuevo.ram0_memoria8b_e2bb252e.hdl.mif ;         ;
+----------------------------------------------+-----------------+-------------------------------------------------------+---------------------------------------------------------------------------------------------------------------------------------------------+---------+


+----------------------------------------------------------+
; Analysis & Synthesis Resource Usage Summary              ;
+---------------------------------------------+------------+
; Resource                                    ; Usage      ;
+---------------------------------------------+------------+
; Estimated Total logic elements              ; 108        ;
;                                             ;            ;
; Total combinational functions               ; 93         ;
; Logic element usage by number of LUT inputs ;            ;
;     -- 4 input functions                    ; 14         ;
;     -- 3 input functions                    ; 46         ;
;     -- <=2 input functions                  ; 33         ;
;                                             ;            ;
; Logic elements by mode                      ;            ;
;     -- normal mode                          ; 88         ;
;     -- arithmetic mode                      ; 5          ;
;                                             ;            ;
; Total registers                             ; 38         ;
;     -- Dedicated logic registers            ; 38         ;
;     -- I/O registers                        ; 0          ;
;                                             ;            ;
; I/O pins                                    ; 19         ;
; Total memory bits                           ; 512        ;
; Embedded Multiplier 9-bit elements          ; 0          ;
; Maximum fan-out node                        ; control[0] ;
; Maximum fan-out                             ; 46         ;
; Total fan-out                               ; 429        ;
; Average fan-out                             ; 2.72       ;
+---------------------------------------------+------------+


+-------------------------------------------------------------------------------------------------------------------------------------------------------------------------------------------------------------------------------------------------------+
; Analysis & Synthesis Resource Utilization by Entity                                                                                                                                                                                                   ;
+-------------------------------------------+-------------------+--------------+-------------+--------------+---------+-----------+------+--------------+--------------------------------------------------------------------------------+--------------+
; Compilation Hierarchy Node                ; LC Combinationals ; LC Registers ; Memory Bits ; DSP Elements ; DSP 9x9 ; DSP 18x18 ; Pins ; Virtual Pins ; Full Hierarchy Name                                                            ; Library Name ;
+-------------------------------------------+-------------------+--------------+-------------+--------------+---------+-----------+------+--------------+--------------------------------------------------------------------------------+--------------+
; |cpu_nuevo                                ; 93 (90)           ; 38 (10)      ; 512         ; 0            ; 0       ; 0         ; 19   ; 0            ; |cpu_nuevo                                                                     ; work         ;
;    |memoria8b:r_ram|                      ; 1 (1)             ; 0 (0)        ; 512         ; 0            ; 0       ; 0         ; 0    ; 0            ; |cpu_nuevo|memoria8b:r_ram                                                     ; work         ;
;       |altsyncram:ram_rtl_0|              ; 0 (0)             ; 0 (0)        ; 512         ; 0            ; 0       ; 0         ; 0    ; 0            ; |cpu_nuevo|memoria8b:r_ram|altsyncram:ram_rtl_0                                ; work         ;
;          |altsyncram_kml1:auto_generated| ; 0 (0)             ; 0 (0)        ; 512         ; 0            ; 0       ; 0         ; 0    ; 0            ; |cpu_nuevo|memoria8b:r_ram|altsyncram:ram_rtl_0|altsyncram_kml1:auto_generated ; work         ;
;    |registro8b:r_pc|                      ; 1 (1)             ; 12 (12)      ; 0           ; 0            ; 0       ; 0         ; 0    ; 0            ; |cpu_nuevo|registro8b:r_pc                                                     ; work         ;
;    |registro8b:r_ri|                      ; 1 (1)             ; 16 (16)      ; 0           ; 0            ; 0       ; 0         ; 0    ; 0            ; |cpu_nuevo|registro8b:r_ri                                                     ; work         ;
+-------------------------------------------+-------------------+--------------+-------------+--------------+---------+-----------+------+--------------+--------------------------------------------------------------------------------+--------------+
Note: For table entries with two numbers listed, the numbers in parentheses indicate the number of resources of the given type used by the specific entity alone. The numbers listed outside of parentheses indicate the total resources of the given type used by the specific entity and all of its sub-entities in the hierarchy.


+----------------------------------------------------------------------------------------------------------------------------------------------------------------------------------------------------------------------------+
; Analysis & Synthesis RAM Summary                                                                                                                                                                                           ;
+--------------------------------------------------------------------------------+------+------------------+--------------+--------------+--------------+--------------+------+----------------------------------------------+
; Name                                                                           ; Type ; Mode             ; Port A Depth ; Port A Width ; Port B Depth ; Port B Width ; Size ; MIF                                          ;
+--------------------------------------------------------------------------------+------+------------------+--------------+--------------+--------------+--------------+------+----------------------------------------------+
; memoria8b:r_ram|altsyncram:ram_rtl_0|altsyncram_kml1:auto_generated|ALTSYNCRAM ; AUTO ; Simple Dual Port ; 64           ; 8            ; 64           ; 8            ; 512  ; db/cpu_nuevo.ram0_memoria8b_e2bb252e.hdl.mif ;
+--------------------------------------------------------------------------------+------+------------------+--------------+--------------+--------------+--------------+------+----------------------------------------------+


Encoding Type:  One-Hot
+-----------------------------------------------------------------------------------------------------------------------------------------------------------------------------------------------------------------------------------------------------------------------------------------------------------------------------+
; State Machine - |cpu_nuevo|estadoSiguiente                                                                                                                                                                                                                                                                                  ;
+--------------------------------+--------------------------------+----------------------------+-------------------------+--------------------------------+--------------------------+------------------------------+------------------------+------------------------+----------------------------+--------------------------+
; Name                           ; estadoSiguiente.incrementar_pc ; estadoSiguiente.cargar_op1 ; estadoSiguiente.leer_ri ; estadoSiguiente.mostrar_salida ; estadoSiguiente.leer_ram ; estadoSiguiente.escribir_ram ; estadoSiguiente.espera ; estadoSiguiente.inicio ; estadoSiguiente.activar_pc ; estadoSiguiente.reset_pc ;
+--------------------------------+--------------------------------+----------------------------+-------------------------+--------------------------------+--------------------------+------------------------------+------------------------+------------------------+----------------------------+--------------------------+
; estadoSiguiente.reset_pc       ; 0                              ; 0                          ; 0                       ; 0                              ; 0                        ; 0                            ; 0                      ; 0                      ; 0                          ; 0                        ;
; estadoSiguiente.activar_pc     ; 0                              ; 0                          ; 0                       ; 0                              ; 0                        ; 0                            ; 0                      ; 0                      ; 1                          ; 1                        ;
; estadoSiguiente.inicio         ; 0                              ; 0                          ; 0                       ; 0                              ; 0                        ; 0                            ; 0                      ; 1                      ; 0                          ; 1                        ;
; estadoSiguiente.espera         ; 0                              ; 0                          ; 0                       ; 0                              ; 0                        ; 0                            ; 1                      ; 0                      ; 0                          ; 1                        ;
; estadoSiguiente.escribir_ram   ; 0                              ; 0                          ; 0                       ; 0                              ; 0                        ; 1                            ; 0                      ; 0                      ; 0                          ; 1                        ;
; estadoSiguiente.leer_ram       ; 0                              ; 0                          ; 0                       ; 0                              ; 1                        ; 0                            ; 0                      ; 0                      ; 0                          ; 1                        ;
; estadoSiguiente.mostrar_salida ; 0                              ; 0                          ; 0                       ; 1                              ; 0                        ; 0                            ; 0                      ; 0                      ; 0                          ; 1                        ;
; estadoSiguiente.leer_ri        ; 0                              ; 0                          ; 1                       ; 0                              ; 0                        ; 0                            ; 0                      ; 0                      ; 0                          ; 1                        ;
; estadoSiguiente.cargar_op1     ; 0                              ; 1                          ; 0                       ; 0                              ; 0                        ; 0                            ; 0                      ; 0                      ; 0                          ; 1                        ;
; estadoSiguiente.incrementar_pc ; 1                              ; 0                          ; 0                       ; 0                              ; 0                        ; 0                            ; 0                      ; 0                      ; 0                          ; 1                        ;
+--------------------------------+--------------------------------+----------------------------+-------------------------+--------------------------------+--------------------------+------------------------------+------------------------+------------------------+----------------------------+--------------------------+


+---------------------------------------------------------------------------------------------------------------+
; User-Specified and Inferred Latches                                                                           ;
+-----------------------------------------------------+--------------------------------+------------------------+
; Latch Name                                          ; Latch Enable Signal            ; Free of Timing Hazards ;
+-----------------------------------------------------+--------------------------------+------------------------+
; salida[0]$latch                                     ; estadoSiguiente.mostrar_salida ; yes                    ;
; salida[1]$latch                                     ; estadoSiguiente.mostrar_salida ; yes                    ;
; salida[2]$latch                                     ; estadoSiguiente.mostrar_salida ; yes                    ;
; salida[3]$latch                                     ; estadoSiguiente.mostrar_salida ; yes                    ;
; salida[4]$latch                                     ; estadoSiguiente.mostrar_salida ; yes                    ;
; salida[5]$latch                                     ; estadoSiguiente.mostrar_salida ; yes                    ;
; salida[6]$latch                                     ; estadoSiguiente.mostrar_salida ; yes                    ;
; salida[7]$latch                                     ; estadoSiguiente.mostrar_salida ; yes                    ;
; in_ram[0]                                           ; WideOr16                       ; yes                    ;
; posicion_ram[0]                                     ; posicion_ram                   ; yes                    ;
; posicion_ram[1]                                     ; posicion_ram                   ; yes                    ;
; posicion_ram[2]                                     ; posicion_ram                   ; yes                    ;
; posicion_ram[3]                                     ; posicion_ram                   ; yes                    ;
; posicion_ram[4]                                     ; posicion_ram                   ; yes                    ;
; posicion_ram[5]                                     ; posicion_ram                   ; yes                    ;
; in_ram[1]                                           ; WideOr16                       ; yes                    ;
; in_ram[2]                                           ; WideOr16                       ; yes                    ;
; in_ram[3]                                           ; WideOr16                       ; yes                    ;
; in_ram[4]                                           ; WideOr16                       ; yes                    ;
; in_ram[5]                                           ; WideOr16                       ; yes                    ;
; in_ram[6]                                           ; WideOr16                       ; yes                    ;
; in_ram[7]                                           ; WideOr16                       ; yes                    ;
; in_pc[0]                                            ; WideOr18                       ; yes                    ;
; in_pc[1]                                            ; WideOr18                       ; yes                    ;
; in_pc[2]                                            ; WideOr18                       ; yes                    ;
; in_pc[3]                                            ; WideOr18                       ; yes                    ;
; in_pc[4]                                            ; WideOr18                       ; yes                    ;
; in_pc[5]                                            ; WideOr18                       ; yes                    ;
; in_ri[7]                                            ; WideOr17                       ; yes                    ;
; in_ri[6]                                            ; WideOr17                       ; yes                    ;
; in_ri[5]                                            ; WideOr17                       ; yes                    ;
; in_ri[4]                                            ; WideOr17                       ; yes                    ;
; in_ri[3]                                            ; WideOr17                       ; yes                    ;
; in_ri[2]                                            ; WideOr17                       ; yes                    ;
; in_ri[1]                                            ; WideOr17                       ; yes                    ;
; in_ri[0]                                            ; WideOr17                       ; yes                    ;
; posicion_actual[0]                                  ; posicion_actual                ; yes                    ;
; posicion_actual[1]                                  ; posicion_actual                ; yes                    ;
; posicion_actual[2]                                  ; posicion_actual                ; yes                    ;
; posicion_actual[3]                                  ; posicion_actual                ; yes                    ;
; posicion_actual[4]                                  ; posicion_actual                ; yes                    ;
; posicion_actual[5]                                  ; posicion_actual                ; yes                    ;
; Number of user-specified and inferred latches = 42  ;                                ;                        ;
+-----------------------------------------------------+--------------------------------+------------------------+
Note: All latches listed above may not be present at the end of synthesis due to various synthesis optimizations.


+------------------------------------------------------------+
; Logic Cells Representing Combinational Loops               ;
+--------------------------------------------------------+---+
; Logic Cell Name                                        ;   ;
+--------------------------------------------------------+---+
; Selector10~0                                           ;   ;
; Selector11~0                                           ;   ;
; Selector8~0                                            ;   ;
; Selector9~0                                            ;   ;
; Selector5~0                                            ;   ;
; Selector6~0                                            ;   ;
; Number of logic cells representing combinational loops ; 6 ;
+--------------------------------------------------------+---+
Note: All cells listed above may not be present at the end of synthesis due to various synthesis optimizations.


+-------------------------------------------------------------+
; Registers Removed During Synthesis                          ;
+----------------------------------------+--------------------+
; Register name                          ; Reason for Removal ;
+----------------------------------------+--------------------+
; memoria8b:r_ram|data_out[0]~en         ; Lost fanout        ;
; memoria8b:r_ram|data_out[1]~en         ; Lost fanout        ;
; memoria8b:r_ram|data_out[2]~en         ; Lost fanout        ;
; memoria8b:r_ram|data_out[3]~en         ; Lost fanout        ;
; memoria8b:r_ram|data_out[4]~en         ; Lost fanout        ;
; memoria8b:r_ram|data_out[5]~en         ; Lost fanout        ;
; memoria8b:r_ram|data_out[6]~en         ; Lost fanout        ;
; memoria8b:r_ram|data_out[7]~en         ; Lost fanout        ;
; registro8b:r_pc|data_out[0]~en         ; Lost fanout        ;
; registro8b:r_pc|data_out[1]~en         ; Lost fanout        ;
; registro8b:r_pc|data_out[2]~en         ; Lost fanout        ;
; registro8b:r_pc|data_out[3]~en         ; Lost fanout        ;
; registro8b:r_pc|data_out[4]~en         ; Lost fanout        ;
; registro8b:r_pc|data_out[5]~en         ; Lost fanout        ;
; registro8b:r_pc|data_out[6]~en         ; Lost fanout        ;
; registro8b:r_pc|data_out[7]~en         ; Lost fanout        ;
; registro8b:r_ri|data_out[0]~en         ; Lost fanout        ;
; registro8b:r_ri|data_out[1]~en         ; Lost fanout        ;
; registro8b:r_ri|data_out[2]~en         ; Lost fanout        ;
; registro8b:r_ri|data_out[3]~en         ; Lost fanout        ;
; registro8b:r_ri|data_out[4]~en         ; Lost fanout        ;
; registro8b:r_ri|data_out[5]~en         ; Lost fanout        ;
; registro8b:r_ri|data_out[6]~en         ; Lost fanout        ;
; registro8b:r_ri|data_out[7]~en         ; Lost fanout        ;
; registro8b:r_pc|data_out[7]~reg0       ; Lost fanout        ;
; registro8b:r_pc|data_out[6]~reg0       ; Lost fanout        ;
; registro8b:r_pc|registro[6,7]          ; Lost fanout        ;
; Total Number of Removed Registers = 28 ;                    ;
+----------------------------------------+--------------------+


+------------------------------------------------------------------------------------------------+
; Removed Registers Triggering Further Register Optimizations                                    ;
+----------------------------------+--------------------+----------------------------------------+
; Register name                    ; Reason for Removal ; Registers Removed due to This Register ;
+----------------------------------+--------------------+----------------------------------------+
; registro8b:r_pc|data_out[7]~reg0 ; Lost Fanouts       ; registro8b:r_pc|registro[7]            ;
; registro8b:r_pc|data_out[6]~reg0 ; Lost Fanouts       ; registro8b:r_pc|registro[6]            ;
+----------------------------------+--------------------+----------------------------------------+


+------------------------------------------------------+
; General Register Statistics                          ;
+----------------------------------------------+-------+
; Statistic                                    ; Value ;
+----------------------------------------------+-------+
; Total registers                              ; 38    ;
; Number of registers using Synchronous Clear  ; 0     ;
; Number of registers using Synchronous Load   ; 0     ;
; Number of registers using Asynchronous Clear ; 0     ;
; Number of registers using Asynchronous Load  ; 0     ;
; Number of registers using Clock Enable       ; 14    ;
; Number of registers using Preset             ; 0     ;
+----------------------------------------------+-------+


+---------------------------------------------------------------------+
; Registers Packed Into Inferred Megafunctions                        ;
+----------------------------------+---------------------------+------+
; Register Name                    ; Megafunction              ; Type ;
+----------------------------------+---------------------------+------+
; memoria8b:r_ram|data_out[0]~reg0 ; memoria8b:r_ram|ram_rtl_0 ; RAM  ;
; memoria8b:r_ram|data_out[1]~reg0 ; memoria8b:r_ram|ram_rtl_0 ; RAM  ;
; memoria8b:r_ram|data_out[2]~reg0 ; memoria8b:r_ram|ram_rtl_0 ; RAM  ;
; memoria8b:r_ram|data_out[3]~reg0 ; memoria8b:r_ram|ram_rtl_0 ; RAM  ;
; memoria8b:r_ram|data_out[4]~reg0 ; memoria8b:r_ram|ram_rtl_0 ; RAM  ;
; memoria8b:r_ram|data_out[5]~reg0 ; memoria8b:r_ram|ram_rtl_0 ; RAM  ;
; memoria8b:r_ram|data_out[6]~reg0 ; memoria8b:r_ram|ram_rtl_0 ; RAM  ;
; memoria8b:r_ram|data_out[7]~reg0 ; memoria8b:r_ram|ram_rtl_0 ; RAM  ;
+----------------------------------+---------------------------+------+


+------------------------------------------------------------------------------------------------------------------------------------------+
; Multiplexer Restructuring Statistics (Restructuring Performed)                                                                           ;
+--------------------+-----------+---------------+----------------------+------------------------+------------+----------------------------+
; Multiplexer Inputs ; Bus Width ; Baseline Area ; Area if Restructured ; Saving if Restructured ; Registered ; Example Multiplexer Output ;
+--------------------+-----------+---------------+----------------------+------------------------+------------+----------------------------+
; 3:1                ; 2 bits    ; 4 LEs         ; 2 LEs                ; 2 LEs                  ; No         ; |cpu_nuevo|estadoSiguiente ;
+--------------------+-----------+---------------+----------------------+------------------------+------------+----------------------------+


+--------------------------------------------------------------------------------------------+
; Source assignments for memoria8b:r_ram|altsyncram:ram_rtl_0|altsyncram_kml1:auto_generated ;
+---------------------------------+--------------------+------+------------------------------+
; Assignment                      ; Value              ; From ; To                           ;
+---------------------------------+--------------------+------+------------------------------+
; OPTIMIZE_POWER_DURING_SYNTHESIS ; NORMAL_COMPILATION ; -    ; -                            ;
+---------------------------------+--------------------+------+------------------------------+


+----------------------------------------------------------------------------------------------------+
; Parameter Settings for Inferred Entity Instance: memoria8b:r_ram|altsyncram:ram_rtl_0              ;
+------------------------------------+----------------------------------------------+----------------+
; Parameter Name                     ; Value                                        ; Type           ;
+------------------------------------+----------------------------------------------+----------------+
; BYTE_SIZE_BLOCK                    ; 8                                            ; Untyped        ;
; AUTO_CARRY_CHAINS                  ; ON                                           ; AUTO_CARRY     ;
; IGNORE_CARRY_BUFFERS               ; OFF                                          ; IGNORE_CARRY   ;
; AUTO_CASCADE_CHAINS                ; ON                                           ; AUTO_CASCADE   ;
; IGNORE_CASCADE_BUFFERS             ; OFF                                          ; IGNORE_CASCADE ;
; WIDTH_BYTEENA                      ; 1                                            ; Untyped        ;
; OPERATION_MODE                     ; DUAL_PORT                                    ; Untyped        ;
; WIDTH_A                            ; 8                                            ; Untyped        ;
; WIDTHAD_A                          ; 6                                            ; Untyped        ;
; NUMWORDS_A                         ; 64                                           ; Untyped        ;
; OUTDATA_REG_A                      ; UNREGISTERED                                 ; Untyped        ;
; ADDRESS_ACLR_A                     ; NONE                                         ; Untyped        ;
; OUTDATA_ACLR_A                     ; NONE                                         ; Untyped        ;
; WRCONTROL_ACLR_A                   ; NONE                                         ; Untyped        ;
; INDATA_ACLR_A                      ; NONE                                         ; Untyped        ;
; BYTEENA_ACLR_A                     ; NONE                                         ; Untyped        ;
; WIDTH_B                            ; 8                                            ; Untyped        ;
; WIDTHAD_B                          ; 6                                            ; Untyped        ;
; NUMWORDS_B                         ; 64                                           ; Untyped        ;
; INDATA_REG_B                       ; CLOCK1                                       ; Untyped        ;
; WRCONTROL_WRADDRESS_REG_B          ; CLOCK1                                       ; Untyped        ;
; RDCONTROL_REG_B                    ; CLOCK1                                       ; Untyped        ;
; ADDRESS_REG_B                      ; CLOCK0                                       ; Untyped        ;
; OUTDATA_REG_B                      ; UNREGISTERED                                 ; Untyped        ;
; BYTEENA_REG_B                      ; CLOCK1                                       ; Untyped        ;
; INDATA_ACLR_B                      ; NONE                                         ; Untyped        ;
; WRCONTROL_ACLR_B                   ; NONE                                         ; Untyped        ;
; ADDRESS_ACLR_B                     ; NONE                                         ; Untyped        ;
; OUTDATA_ACLR_B                     ; NONE                                         ; Untyped        ;
; RDCONTROL_ACLR_B                   ; NONE                                         ; Untyped        ;
; BYTEENA_ACLR_B                     ; NONE                                         ; Untyped        ;
; WIDTH_BYTEENA_A                    ; 1                                            ; Untyped        ;
; WIDTH_BYTEENA_B                    ; 1                                            ; Untyped        ;
; RAM_BLOCK_TYPE                     ; AUTO                                         ; Untyped        ;
; BYTE_SIZE                          ; 8                                            ; Untyped        ;
; READ_DURING_WRITE_MODE_MIXED_PORTS ; OLD_DATA                                     ; Untyped        ;
; READ_DURING_WRITE_MODE_PORT_A      ; NEW_DATA_NO_NBE_READ                         ; Untyped        ;
; READ_DURING_WRITE_MODE_PORT_B      ; NEW_DATA_NO_NBE_READ                         ; Untyped        ;
; INIT_FILE                          ; db/cpu_nuevo.ram0_memoria8b_e2bb252e.hdl.mif ; Untyped        ;
; INIT_FILE_LAYOUT                   ; PORT_A                                       ; Untyped        ;
; MAXIMUM_DEPTH                      ; 0                                            ; Untyped        ;
; CLOCK_ENABLE_INPUT_A               ; NORMAL                                       ; Untyped        ;
; CLOCK_ENABLE_INPUT_B               ; NORMAL                                       ; Untyped        ;
; CLOCK_ENABLE_OUTPUT_A              ; NORMAL                                       ; Untyped        ;
; CLOCK_ENABLE_OUTPUT_B              ; NORMAL                                       ; Untyped        ;
; CLOCK_ENABLE_CORE_A                ; USE_INPUT_CLKEN                              ; Untyped        ;
; CLOCK_ENABLE_CORE_B                ; USE_INPUT_CLKEN                              ; Untyped        ;
; ENABLE_ECC                         ; FALSE                                        ; Untyped        ;
; ECC_PIPELINE_STAGE_ENABLED         ; FALSE                                        ; Untyped        ;
; WIDTH_ECCSTATUS                    ; 3                                            ; Untyped        ;
; DEVICE_FAMILY                      ; Cyclone II                                   ; Untyped        ;
; CBXI_PARAMETER                     ; altsyncram_kml1                              ; Untyped        ;
+------------------------------------+----------------------------------------------+----------------+
Note: In order to hide this table in the UI and the text report file, please set the "Show Parameter Settings in Synthesis Report" option in "Analysis and Synthesis Settings -> More Settings" to "Off".


+----------------------------------------------------------------------------------+
; altsyncram Parameter Settings by Entity Instance                                 ;
+-------------------------------------------+--------------------------------------+
; Name                                      ; Value                                ;
+-------------------------------------------+--------------------------------------+
; Number of entity instances                ; 1                                    ;
; Entity Instance                           ; memoria8b:r_ram|altsyncram:ram_rtl_0 ;
;     -- OPERATION_MODE                     ; DUAL_PORT                            ;
;     -- WIDTH_A                            ; 8                                    ;
;     -- NUMWORDS_A                         ; 64                                   ;
;     -- OUTDATA_REG_A                      ; UNREGISTERED                         ;
;     -- WIDTH_B                            ; 8                                    ;
;     -- NUMWORDS_B                         ; 64                                   ;
;     -- ADDRESS_REG_B                      ; CLOCK0                               ;
;     -- OUTDATA_REG_B                      ; UNREGISTERED                         ;
;     -- RAM_BLOCK_TYPE                     ; AUTO                                 ;
;     -- READ_DURING_WRITE_MODE_MIXED_PORTS ; OLD_DATA                             ;
+-------------------------------------------+--------------------------------------+


+--------------------------------------------------------------------------------------------------------------------+
; Port Connectivity Checks: "registro8b:r_salida"                                                                    ;
+----------+--------+----------+-------------------------------------------------------------------------------------+
; Port     ; Type   ; Severity ; Details                                                                             ;
+----------+--------+----------+-------------------------------------------------------------------------------------+
; data_out ; Output ; Info     ; Connected to dangling logic. Logic that only feeds a dangling port will be removed. ;
+----------+--------+----------+-------------------------------------------------------------------------------------+


+--------------------------------------------------------------------------------------------------------------------+
; Port Connectivity Checks: "registro8b:r_operador1"                                                                 ;
+----------+--------+----------+-------------------------------------------------------------------------------------+
; Port     ; Type   ; Severity ; Details                                                                             ;
+----------+--------+----------+-------------------------------------------------------------------------------------+
; data_out ; Output ; Info     ; Connected to dangling logic. Logic that only feeds a dangling port will be removed. ;
+----------+--------+----------+-------------------------------------------------------------------------------------+


+-------------------------------+
; Elapsed Time Per Partition    ;
+----------------+--------------+
; Partition Name ; Elapsed Time ;
+----------------+--------------+
; Top            ; 00:00:00     ;
+----------------+--------------+


+-------------------------------+
; Analysis & Synthesis Messages ;
+-------------------------------+
Info: *******************************************************************
Info: Running Quartus II 64-Bit Analysis & Synthesis
    Info: Version 13.0.1 Build 232 06/12/2013 Service Pack 1 SJ Web Edition
    Info: Processing started: Tue Jan 23 19:11:38 2024
Info: Command: quartus_map --read_settings_files=on --write_settings_files=off cpu_nuevo -c cpu_nuevo
Warning (20028): Parallel compilation is not licensed and has been disabled
Info (12021): Found 2 design units, including 1 entities, in source file /a uader/d cuarto año/i diseño de sistemas digitales/proyects/registro8b/registro8b.vhd
    Info (12022): Found design unit 1: registro8b-estructural
    Info (12023): Found entity 1: registro8b
Info (12021): Found 2 design units, including 1 entities, in source file /a uader/d cuarto año/i diseño de sistemas digitales/proyects/memoria8b/memoria8b.vhd
    Info (12022): Found design unit 1: memoria8b-estructural
    Info (12023): Found entity 1: memoria8b
Info (12021): Found 2 design units, including 1 entities, in source file cpu_nuevo.vhd
    Info (12022): Found design unit 1: cpu_nuevo-cpu
    Info (12023): Found entity 1: cpu_nuevo
Info (12127): Elaborating entity "cpu_nuevo" for the top level hierarchy
Warning (10036): Verilog HDL or VHDL warning at cpu_nuevo.vhd(24): object "out_op1" assigned a value but never read
Warning (10541): VHDL Signal Declaration warning at cpu_nuevo.vhd(24): used implicit default value for signal "in_salida" because signal was never assigned a value or an explicit default value. Use of implicit default value may introduce unintended design optimizations.
Warning (10036): Verilog HDL or VHDL warning at cpu_nuevo.vhd(25): object "out_salida" assigned a value but never read
Warning (10492): VHDL Process Statement warning at cpu_nuevo.vhd(146): signal "en_pc" is read inside the Process Statement but isn't in the Process Statement's sensitivity list
Warning (10492): VHDL Process Statement warning at cpu_nuevo.vhd(147): signal "wr_pc" is read inside the Process Statement but isn't in the Process Statement's sensitivity list
Warning (10492): VHDL Process Statement warning at cpu_nuevo.vhd(148): signal "en_ram" is read inside the Process Statement but isn't in the Process Statement's sensitivity list
Warning (10492): VHDL Process Statement warning at cpu_nuevo.vhd(149): signal "wr_ram" is read inside the Process Statement but isn't in the Process Statement's sensitivity list
Warning (10492): VHDL Process Statement warning at cpu_nuevo.vhd(150): signal "en_ri" is read inside the Process Statement but isn't in the Process Statement's sensitivity list
Warning (10492): VHDL Process Statement warning at cpu_nuevo.vhd(151): signal "wr_ri" is read inside the Process Statement but isn't in the Process Statement's sensitivity list
Warning (10492): VHDL Process Statement warning at cpu_nuevo.vhd(152): signal "en_salida" is read inside the Process Statement but isn't in the Process Statement's sensitivity list
Warning (10492): VHDL Process Statement warning at cpu_nuevo.vhd(153): signal "wr_salida" is read inside the Process Statement but isn't in the Process Statement's sensitivity list
Warning (10492): VHDL Process Statement warning at cpu_nuevo.vhd(156): signal "en_op1" is read inside the Process Statement but isn't in the Process Statement's sensitivity list
Warning (10492): VHDL Process Statement warning at cpu_nuevo.vhd(157): signal "wr_op1" is read inside the Process Statement but isn't in the Process Statement's sensitivity list
Warning (10492): VHDL Process Statement warning at cpu_nuevo.vhd(192): signal "out_pc" is read inside the Process Statement but isn't in the Process Statement's sensitivity list
Warning (10492): VHDL Process Statement warning at cpu_nuevo.vhd(193): signal "out_pc" is read inside the Process Statement but isn't in the Process Statement's sensitivity list
Warning (10492): VHDL Process Statement warning at cpu_nuevo.vhd(198): signal "data_in" is read inside the Process Statement but isn't in the Process Statement's sensitivity list
Warning (10492): VHDL Process Statement warning at cpu_nuevo.vhd(202): signal "out_pc" is read inside the Process Statement but isn't in the Process Statement's sensitivity list
Warning (10492): VHDL Process Statement warning at cpu_nuevo.vhd(226): signal "out_ram" is read inside the Process Statement but isn't in the Process Statement's sensitivity list
Warning (10492): VHDL Process Statement warning at cpu_nuevo.vhd(236): signal "out_ram" is read inside the Process Statement but isn't in the Process Statement's sensitivity list
Warning (10492): VHDL Process Statement warning at cpu_nuevo.vhd(246): signal "out_ram" is read inside the Process Statement but isn't in the Process Statement's sensitivity list
Warning (10492): VHDL Process Statement warning at cpu_nuevo.vhd(252): signal "out_pc" is read inside the Process Statement but isn't in the Process Statement's sensitivity list
Warning (10492): VHDL Process Statement warning at cpu_nuevo.vhd(297): signal "posicion_actual" is read inside the Process Statement but isn't in the Process Statement's sensitivity list
Warning (10631): VHDL Process Statement warning at cpu_nuevo.vhd(145): inferring latch(es) for signal or variable "en_ri_v", which holds its previous value in one or more paths through the process
Warning (10631): VHDL Process Statement warning at cpu_nuevo.vhd(145): inferring latch(es) for signal or variable "wr_ri_v", which holds its previous value in one or more paths through the process
Warning (10631): VHDL Process Statement warning at cpu_nuevo.vhd(145): inferring latch(es) for signal or variable "en_salida_v", which holds its previous value in one or more paths through the process
Warning (10631): VHDL Process Statement warning at cpu_nuevo.vhd(145): inferring latch(es) for signal or variable "wr_salida_v", which holds its previous value in one or more paths through the process
Warning (10631): VHDL Process Statement warning at cpu_nuevo.vhd(145): inferring latch(es) for signal or variable "en_pc_v", which holds its previous value in one or more paths through the process
Warning (10631): VHDL Process Statement warning at cpu_nuevo.vhd(145): inferring latch(es) for signal or variable "wr_pc_v", which holds its previous value in one or more paths through the process
Warning (10631): VHDL Process Statement warning at cpu_nuevo.vhd(145): inferring latch(es) for signal or variable "en_ram_v", which holds its previous value in one or more paths through the process
Warning (10631): VHDL Process Statement warning at cpu_nuevo.vhd(145): inferring latch(es) for signal or variable "wr_ram_v", which holds its previous value in one or more paths through the process
Warning (10631): VHDL Process Statement warning at cpu_nuevo.vhd(145): inferring latch(es) for signal or variable "en_op1_v", which holds its previous value in one or more paths through the process
Warning (10631): VHDL Process Statement warning at cpu_nuevo.vhd(145): inferring latch(es) for signal or variable "wr_op1_v", which holds its previous value in one or more paths through the process
Warning (10631): VHDL Process Statement warning at cpu_nuevo.vhd(145): inferring latch(es) for signal or variable "posicion_ram", which holds its previous value in one or more paths through the process
Warning (10631): VHDL Process Statement warning at cpu_nuevo.vhd(145): inferring latch(es) for signal or variable "posicion_actual", which holds its previous value in one or more paths through the process
Warning (10631): VHDL Process Statement warning at cpu_nuevo.vhd(145): inferring latch(es) for signal or variable "in_ram", which holds its previous value in one or more paths through the process
Warning (10631): VHDL Process Statement warning at cpu_nuevo.vhd(145): inferring latch(es) for signal or variable "in_ri", which holds its previous value in one or more paths through the process
Warning (10631): VHDL Process Statement warning at cpu_nuevo.vhd(145): inferring latch(es) for signal or variable "in_op1", which holds its previous value in one or more paths through the process
Warning (10631): VHDL Process Statement warning at cpu_nuevo.vhd(145): inferring latch(es) for signal or variable "salida", which holds its previous value in one or more paths through the process
Warning (10631): VHDL Process Statement warning at cpu_nuevo.vhd(145): inferring latch(es) for signal or variable "in_pc", which holds its previous value in one or more paths through the process
Info (10041): Inferred latch for "in_pc[0]" at cpu_nuevo.vhd(145)
Info (10041): Inferred latch for "in_pc[1]" at cpu_nuevo.vhd(145)
Info (10041): Inferred latch for "in_pc[2]" at cpu_nuevo.vhd(145)
Info (10041): Inferred latch for "in_pc[3]" at cpu_nuevo.vhd(145)
Info (10041): Inferred latch for "in_pc[4]" at cpu_nuevo.vhd(145)
Info (10041): Inferred latch for "in_pc[5]" at cpu_nuevo.vhd(145)
Info (10041): Inferred latch for "in_pc[6]" at cpu_nuevo.vhd(145)
Info (10041): Inferred latch for "in_pc[7]" at cpu_nuevo.vhd(145)
Info (10041): Inferred latch for "salida[0]" at cpu_nuevo.vhd(145)
Info (10041): Inferred latch for "salida[1]" at cpu_nuevo.vhd(145)
Info (10041): Inferred latch for "salida[2]" at cpu_nuevo.vhd(145)
Info (10041): Inferred latch for "salida[3]" at cpu_nuevo.vhd(145)
Info (10041): Inferred latch for "salida[4]" at cpu_nuevo.vhd(145)
Info (10041): Inferred latch for "salida[5]" at cpu_nuevo.vhd(145)
Info (10041): Inferred latch for "salida[6]" at cpu_nuevo.vhd(145)
Info (10041): Inferred latch for "salida[7]" at cpu_nuevo.vhd(145)
Info (10041): Inferred latch for "in_op1[0]" at cpu_nuevo.vhd(145)
Info (10041): Inferred latch for "in_op1[1]" at cpu_nuevo.vhd(145)
Info (10041): Inferred latch for "in_op1[2]" at cpu_nuevo.vhd(145)
Info (10041): Inferred latch for "in_op1[3]" at cpu_nuevo.vhd(145)
Info (10041): Inferred latch for "in_op1[4]" at cpu_nuevo.vhd(145)
Info (10041): Inferred latch for "in_op1[5]" at cpu_nuevo.vhd(145)
Info (10041): Inferred latch for "in_op1[6]" at cpu_nuevo.vhd(145)
Info (10041): Inferred latch for "in_op1[7]" at cpu_nuevo.vhd(145)
Info (10041): Inferred latch for "in_ri[0]" at cpu_nuevo.vhd(145)
Info (10041): Inferred latch for "in_ri[1]" at cpu_nuevo.vhd(145)
Info (10041): Inferred latch for "in_ri[2]" at cpu_nuevo.vhd(145)
Info (10041): Inferred latch for "in_ri[3]" at cpu_nuevo.vhd(145)
Info (10041): Inferred latch for "in_ri[4]" at cpu_nuevo.vhd(145)
Info (10041): Inferred latch for "in_ri[5]" at cpu_nuevo.vhd(145)
Info (10041): Inferred latch for "in_ri[6]" at cpu_nuevo.vhd(145)
Info (10041): Inferred latch for "in_ri[7]" at cpu_nuevo.vhd(145)
Info (10041): Inferred latch for "in_ram[0]" at cpu_nuevo.vhd(145)
Info (10041): Inferred latch for "in_ram[1]" at cpu_nuevo.vhd(145)
Info (10041): Inferred latch for "in_ram[2]" at cpu_nuevo.vhd(145)
Info (10041): Inferred latch for "in_ram[3]" at cpu_nuevo.vhd(145)
Info (10041): Inferred latch for "in_ram[4]" at cpu_nuevo.vhd(145)
Info (10041): Inferred latch for "in_ram[5]" at cpu_nuevo.vhd(145)
Info (10041): Inferred latch for "in_ram[6]" at cpu_nuevo.vhd(145)
Info (10041): Inferred latch for "in_ram[7]" at cpu_nuevo.vhd(145)
Info (10041): Inferred latch for "posicion_actual[0]" at cpu_nuevo.vhd(145)
Info (10041): Inferred latch for "posicion_actual[1]" at cpu_nuevo.vhd(145)
Info (10041): Inferred latch for "posicion_actual[2]" at cpu_nuevo.vhd(145)
Info (10041): Inferred latch for "posicion_actual[3]" at cpu_nuevo.vhd(145)
Info (10041): Inferred latch for "posicion_actual[4]" at cpu_nuevo.vhd(145)
Info (10041): Inferred latch for "posicion_actual[5]" at cpu_nuevo.vhd(145)
Info (10041): Inferred latch for "posicion_actual[6]" at cpu_nuevo.vhd(145)
Info (10041): Inferred latch for "posicion_actual[7]" at cpu_nuevo.vhd(145)
Info (10041): Inferred latch for "posicion_ram[0]" at cpu_nuevo.vhd(145)
Info (10041): Inferred latch for "posicion_ram[1]" at cpu_nuevo.vhd(145)
Info (10041): Inferred latch for "posicion_ram[2]" at cpu_nuevo.vhd(145)
Info (10041): Inferred latch for "posicion_ram[3]" at cpu_nuevo.vhd(145)
Info (10041): Inferred latch for "posicion_ram[4]" at cpu_nuevo.vhd(145)
Info (10041): Inferred latch for "posicion_ram[5]" at cpu_nuevo.vhd(145)
Info (10041): Inferred latch for "posicion_ram[6]" at cpu_nuevo.vhd(145)
Info (10041): Inferred latch for "posicion_ram[7]" at cpu_nuevo.vhd(145)
Info (12128): Elaborating entity "registro8b" for hierarchy "registro8b:r_operador1"
Info (12128): Elaborating entity "memoria8b" for hierarchy "memoria8b:r_ram"
Warning (13046): Tri-state node(s) do not directly drive top-level pin(s)
    Warning (13049): Converted tri-state buffer "in_ram[0]~0" feeding internal logic into a wire
    Warning (13049): Converted tri-state buffer "in_ram[1]~1" feeding internal logic into a wire
    Warning (13049): Converted tri-state buffer "in_ram[2]~2" feeding internal logic into a wire
    Warning (13049): Converted tri-state buffer "in_ram[3]~3" feeding internal logic into a wire
    Warning (13049): Converted tri-state buffer "in_ram[4]~4" feeding internal logic into a wire
    Warning (13049): Converted tri-state buffer "in_ram[5]~5" feeding internal logic into a wire
    Warning (13049): Converted tri-state buffer "in_ram[6]~6" feeding internal logic into a wire
    Warning (13049): Converted tri-state buffer "in_ram[7]~7" feeding internal logic into a wire
    Warning (13049): Converted tri-state buffer "memoria8b:r_ram|data_out[0]" feeding internal logic into a wire
    Warning (13049): Converted tri-state buffer "memoria8b:r_ram|data_out[1]" feeding internal logic into a wire
    Warning (13049): Converted tri-state buffer "memoria8b:r_ram|data_out[2]" feeding internal logic into a wire
    Warning (13049): Converted tri-state buffer "memoria8b:r_ram|data_out[3]" feeding internal logic into a wire
    Warning (13049): Converted tri-state buffer "memoria8b:r_ram|data_out[4]" feeding internal logic into a wire
    Warning (13049): Converted tri-state buffer "memoria8b:r_ram|data_out[5]" feeding internal logic into a wire
    Warning (13049): Converted tri-state buffer "memoria8b:r_ram|data_out[6]" feeding internal logic into a wire
    Warning (13049): Converted tri-state buffer "memoria8b:r_ram|data_out[7]" feeding internal logic into a wire
    Warning (13049): Converted tri-state buffer "registro8b:r_pc|data_out[0]" feeding internal logic into a wire
    Warning (13049): Converted tri-state buffer "registro8b:r_pc|data_out[1]" feeding internal logic into a wire
    Warning (13049): Converted tri-state buffer "registro8b:r_pc|data_out[2]" feeding internal logic into a wire
    Warning (13049): Converted tri-state buffer "registro8b:r_pc|data_out[3]" feeding internal logic into a wire
    Warning (13049): Converted tri-state buffer "registro8b:r_pc|data_out[4]" feeding internal logic into a wire
    Warning (13049): Converted tri-state buffer "registro8b:r_pc|data_out[5]" feeding internal logic into a wire
    Warning (13049): Converted tri-state buffer "registro8b:r_pc|data_out[6]" feeding internal logic into a wire
    Warning (13049): Converted tri-state buffer "registro8b:r_pc|data_out[7]" feeding internal logic into a wire
    Warning (13049): Converted tri-state buffer "registro8b:r_ri|data_out[0]" feeding internal logic into a wire
    Warning (13049): Converted tri-state buffer "registro8b:r_ri|data_out[1]" feeding internal logic into a wire
    Warning (13049): Converted tri-state buffer "registro8b:r_ri|data_out[2]" feeding internal logic into a wire
    Warning (13049): Converted tri-state buffer "registro8b:r_ri|data_out[3]" feeding internal logic into a wire
    Warning (13049): Converted tri-state buffer "registro8b:r_ri|data_out[4]" feeding internal logic into a wire
    Warning (13049): Converted tri-state buffer "registro8b:r_ri|data_out[5]" feeding internal logic into a wire
    Warning (13049): Converted tri-state buffer "registro8b:r_ri|data_out[6]" feeding internal logic into a wire
    Warning (13049): Converted tri-state buffer "registro8b:r_ri|data_out[7]" feeding internal logic into a wire
Info (19000): Inferred 1 megafunctions from design logic
    Info (276029): Inferred altsyncram megafunction from the following design logic: "memoria8b:r_ram|ram_rtl_0" 
        Info (286033): Parameter OPERATION_MODE set to DUAL_PORT
        Info (286033): Parameter WIDTH_A set to 8
        Info (286033): Parameter WIDTHAD_A set to 6
        Info (286033): Parameter NUMWORDS_A set to 64
        Info (286033): Parameter WIDTH_B set to 8
        Info (286033): Parameter WIDTHAD_B set to 6
        Info (286033): Parameter NUMWORDS_B set to 64
        Info (286033): Parameter ADDRESS_ACLR_A set to NONE
        Info (286033): Parameter OUTDATA_REG_B set to UNREGISTERED
        Info (286033): Parameter ADDRESS_ACLR_B set to NONE
        Info (286033): Parameter OUTDATA_ACLR_B set to NONE
        Info (286033): Parameter ADDRESS_REG_B set to CLOCK0
        Info (286033): Parameter INDATA_ACLR_A set to NONE
        Info (286033): Parameter WRCONTROL_ACLR_A set to NONE
        Info (286033): Parameter INIT_FILE set to db/cpu_nuevo.ram0_memoria8b_e2bb252e.hdl.mif
        Info (286033): Parameter READ_DURING_WRITE_MODE_MIXED_PORTS set to OLD_DATA
Info (12130): Elaborated megafunction instantiation "memoria8b:r_ram|altsyncram:ram_rtl_0"
Info (12133): Instantiated megafunction "memoria8b:r_ram|altsyncram:ram_rtl_0" with the following parameter:
    Info (12134): Parameter "OPERATION_MODE" = "DUAL_PORT"
    Info (12134): Parameter "WIDTH_A" = "8"
    Info (12134): Parameter "WIDTHAD_A" = "6"
    Info (12134): Parameter "NUMWORDS_A" = "64"
    Info (12134): Parameter "WIDTH_B" = "8"
    Info (12134): Parameter "WIDTHAD_B" = "6"
    Info (12134): Parameter "NUMWORDS_B" = "64"
    Info (12134): Parameter "ADDRESS_ACLR_A" = "NONE"
    Info (12134): Parameter "OUTDATA_REG_B" = "UNREGISTERED"
    Info (12134): Parameter "ADDRESS_ACLR_B" = "NONE"
    Info (12134): Parameter "OUTDATA_ACLR_B" = "NONE"
    Info (12134): Parameter "ADDRESS_REG_B" = "CLOCK0"
    Info (12134): Parameter "INDATA_ACLR_A" = "NONE"
    Info (12134): Parameter "WRCONTROL_ACLR_A" = "NONE"
    Info (12134): Parameter "INIT_FILE" = "db/cpu_nuevo.ram0_memoria8b_e2bb252e.hdl.mif"
    Info (12134): Parameter "READ_DURING_WRITE_MODE_MIXED_PORTS" = "OLD_DATA"
Info (12021): Found 1 design units, including 1 entities, in source file db/altsyncram_kml1.tdf
    Info (12023): Found entity 1: altsyncram_kml1
Warning (13012): Latch in_pc[0] has unsafe behavior
    Warning (13013): Ports D and ENA on the latch are fed by the same signal estadoSiguiente.incrementar_pc
Warning (13012): Latch in_pc[1] has unsafe behavior
    Warning (13013): Ports D and ENA on the latch are fed by the same signal estadoSiguiente.incrementar_pc
Warning (13012): Latch in_pc[2] has unsafe behavior
    Warning (13013): Ports D and ENA on the latch are fed by the same signal estadoSiguiente.incrementar_pc
Warning (13012): Latch in_pc[3] has unsafe behavior
    Warning (13013): Ports D and ENA on the latch are fed by the same signal estadoSiguiente.incrementar_pc
Warning (13012): Latch in_pc[4] has unsafe behavior
    Warning (13013): Ports D and ENA on the latch are fed by the same signal estadoSiguiente.incrementar_pc
Warning (13012): Latch in_pc[5] has unsafe behavior
    Warning (13013): Ports D and ENA on the latch are fed by the same signal estadoSiguiente.incrementar_pc
Warning (13012): Latch in_ri[7] has unsafe behavior
    Warning (13013): Ports D and ENA on the latch are fed by the same signal estadoSiguiente.cargar_op1
Warning (13012): Latch in_ri[6] has unsafe behavior
    Warning (13013): Ports D and ENA on the latch are fed by the same signal estadoSiguiente.cargar_op1
Warning (13012): Latch in_ri[5] has unsafe behavior
    Warning (13013): Ports D and ENA on the latch are fed by the same signal estadoSiguiente.cargar_op1
Warning (13012): Latch in_ri[4] has unsafe behavior
    Warning (13013): Ports D and ENA on the latch are fed by the same signal estadoSiguiente.cargar_op1
Warning (13012): Latch in_ri[3] has unsafe behavior
    Warning (13013): Ports D and ENA on the latch are fed by the same signal estadoSiguiente.cargar_op1
Warning (13012): Latch in_ri[2] has unsafe behavior
    Warning (13013): Ports D and ENA on the latch are fed by the same signal estadoSiguiente.cargar_op1
Warning (13012): Latch in_ri[1] has unsafe behavior
    Warning (13013): Ports D and ENA on the latch are fed by the same signal estadoSiguiente.cargar_op1
Warning (13012): Latch in_ri[0] has unsafe behavior
    Warning (13013): Ports D and ENA on the latch are fed by the same signal estadoSiguiente.cargar_op1
Info (17049): 28 registers lost all their fanouts during netlist optimizations.
Info (16010): Generating hard_block partition "hard_block:auto_generated_inst"
    Info (16011): Adding 0 node(s), including 0 DDIO, 0 PLL, 0 transceiver and 0 LCELL
Info (21057): Implemented 149 device resources after synthesis - the final resource count might be different
    Info (21058): Implemented 11 input pins
    Info (21059): Implemented 8 output pins
    Info (21061): Implemented 122 logic cells
    Info (21064): Implemented 8 RAM segments
Info: Quartus II 64-Bit Analysis & Synthesis was successful. 0 errors, 101 warnings
    Info: Peak virtual memory: 4640 megabytes
    Info: Processing ended: Tue Jan 23 19:11:42 2024
    Info: Elapsed time: 00:00:04
    Info: Total CPU time (on all processors): 00:00:02


